c:\users\itsni\documents\github\comp3015-30\comp3015-30\x64\debug\vc143.pdb
c:\users\itsni\documents\github\comp3015-30\comp3015-30\x64\debug\vc143.idb
c:\users\itsni\documents\github\comp3015-30\comp3015-30\x64\debug\scenebasic_uniform.obj
c:\users\itsni\documents\github\comp3015-30\comp3015-30\x64\debug\main.obj
c:\users\itsni\documents\github\comp3015-30\comp3015-30\x64\debug\trianglemesh.obj
c:\users\itsni\documents\github\comp3015-30\comp3015-30\x64\debug\texture.obj
c:\users\itsni\documents\github\comp3015-30\comp3015-30\x64\debug\stb_image.obj
c:\users\itsni\documents\github\comp3015-30\comp3015-30\x64\debug\plane.obj
c:\users\itsni\documents\github\comp3015-30\comp3015-30\x64\debug\objmesh.obj
c:\users\itsni\documents\github\comp3015-30\comp3015-30\x64\debug\glutils.obj
c:\users\itsni\documents\github\comp3015-30\comp3015-30\x64\debug\glslprogram.obj
c:\users\itsni\documents\github\comp3015-30\comp3015-30\x64\debug\palmtreebeach.exe
c:\users\itsni\documents\github\comp3015-30\comp3015-30\x64\debug\palmtreebeach.ilk
c:\users\itsni\documents\github\comp3015-30\comp3015-30\x64\debug\palmtreebeach.pdb
c:\users\itsni\documents\github\comp3015-30\comp3015-30\x64\debug\glad.obj
c:\users\itsni\documents\github\comp3015-30\comp3015-30\x64\debug\palmtreebeach.tlog\cl.command.1.tlog
c:\users\itsni\documents\github\comp3015-30\comp3015-30\x64\debug\palmtreebeach.tlog\cl.items.tlog
c:\users\itsni\documents\github\comp3015-30\comp3015-30\x64\debug\palmtreebeach.tlog\cl.read.1.tlog
c:\users\itsni\documents\github\comp3015-30\comp3015-30\x64\debug\palmtreebeach.tlog\cl.write.1.tlog
c:\users\itsni\documents\github\comp3015-30\comp3015-30\x64\debug\palmtreebeach.tlog\link.command.1.tlog
c:\users\itsni\documents\github\comp3015-30\comp3015-30\x64\debug\palmtreebeach.tlog\link.read.1.tlog
c:\users\itsni\documents\github\comp3015-30\comp3015-30\x64\debug\palmtreebeach.tlog\link.write.1.tlog
